<?xml version="1.0" encoding="UTF-8"?>
<!-- Generated by org.testng.reporters.JUnitReportReporter -->
<testsuite hostname="DESKTOP-64LFQEM" failures="0" tests="3" name="TestNG.example5_keyword2_enabled" time="0.003" errors="0" timestamp="2022-08-18T16:18:14 IST" skipped="2">
  <testcase classname="TestNG.example5_keyword2_enabled" name="TC1" time="0.003"/>
  <system-out>
    <![CDATA[--running TC1--]]>
  </system-out>
  <testcase classname="TestNG.example5_keyword2_enabled" name="TC3">
    <skipped/>
  </testcase> <!-- TC3 -->
  <system-out/>
  <testcase classname="TestNG.example5_keyword2_enabled" name="TC2">
    <skipped/>
  </testcase> <!-- TC2 -->
  <system-out/>
</testsuite> <!-- TestNG.example5_keyword2_enabled -->
