<?xml version="1.0" encoding="UTF-8"?>
<!-- Generated by org.testng.reporters.JUnitReportReporter -->
<testsuite hostname="DESKTOP-64LFQEM" failures="0" tests="1" name="TestNG.example2_TestNGTestClass" time="40.549" errors="0" timestamp="2022-08-18T16:29:33 IST" skipped="0">
  <testcase classname="TestNG.example2_TestNGTestClass" name="openBrowser" time="40.549"/>
  <system-out/>
</testsuite> <!-- TestNG.example2_TestNGTestClass -->
