<?xml version="1.0" encoding="UTF-8"?>
<!-- Generated by org.testng.reporters.JUnitReportReporter -->
<testsuite hostname="DESKTOP-64LFQEM" failures="0" tests="3" name="TestNG.example5_keyword1_invocationCount" time="0.029" errors="0" timestamp="2022-08-18T16:21:18 IST" skipped="0">
  <testcase classname="TestNG.example5_keyword1_invocationCount" name="TC1" time="0.023"/>
  <system-out>
    <![CDATA[--running TC1--
Jitam Jitam]]>
  </system-out>
  <testcase classname="TestNG.example5_keyword1_invocationCount" name="TC1" time="0.003"/>
  <system-out>
    <![CDATA[--running TC1--
Jitam Jitam]]>
  </system-out>
  <testcase classname="TestNG.example5_keyword1_invocationCount" name="TC1" time="0.003"/>
  <system-out>
    <![CDATA[--running TC1--
Jitam Jitam]]>
  </system-out>
</testsuite> <!-- TestNG.example5_keyword1_invocationCount -->
