<?xml version="1.0" encoding="UTF-8"?>
<!-- Generated by org.testng.reporters.JUnitReportReporter -->
<testsuite hostname="DESKTOP-64LFQEM" failures="0" tests="3" name="TestNG.example3_EmailableReport" time="0.036" errors="0" timestamp="2022-07-18T16:59:08 IST" skipped="0">
  <testcase classname="TestNG.example3_EmailableReport" name="TC1" time="0.027"/>
  <system-out>
    <![CDATA[running TC1]]>
  </system-out>
  <testcase classname="TestNG.example3_EmailableReport" name="TC2" time="0.007"/>
  <system-out>
    <![CDATA[running TC2]]>
  </system-out>
  <testcase classname="TestNG.example3_EmailableReport" name="TC3" time="0.002"/>
  <system-out>
    <![CDATA[running TC3]]>
  </system-out>
</testsuite> <!-- TestNG.example3_EmailableReport -->
