<?xml version="1.0" encoding="UTF-8"?>
<!-- Generated by org.testng.reporters.JUnitReportReporter -->
<testsuite hostname="DESKTOP-64LFQEM" failures="0" tests="3" name="TestNG.Ex7_Sample2" time="0.026" errors="0" timestamp="2022-07-20T11:07:39 IST" skipped="0">
  <testcase classname="TestNG.Ex7_Sample2" name="TC6" time="0.002"/>
  <system-out>
    <![CDATA[running TC6]]>
  </system-out>
  <testcase classname="TestNG.Ex7_Sample2" name="TC5" time="0.003"/>
  <system-out>
    <![CDATA[running TC5]]>
  </system-out>
  <testcase classname="TestNG.Ex7_Sample2" name="TC4" time="0.021"/>
  <system-out>
    <![CDATA[running TC4]]>
  </system-out>
</testsuite> <!-- TestNG.Ex7_Sample2 -->
