<?xml version="1.0" encoding="UTF-8"?>
<!-- Generated by org.testng.reporters.JUnitReportReporter -->
<testsuite hostname="DESKTOP-64LFQEM" failures="0" tests="2" name="TestNG.demo" time="0.013" errors="0" timestamp="2022-07-19T16:06:41 IST" skipped="0">
  <testcase classname="TestNG.demo" name="verifyPN1" time="0.010"/>
  <system-out>
    <![CDATA[running verify PN1 Test case]]>
  </system-out>
  <testcase classname="TestNG.demo" name="verifyPN2" time="0.003"/>
  <system-out>
    <![CDATA[running verify PN2 Test case]]>
  </system-out>
</testsuite> <!-- TestNG.demo -->
