<?xml version="1.0" encoding="UTF-8"?>
<!-- Generated by org.testng.reporters.JUnitReportReporter -->
<testsuite hostname="DESKTOP-64LFQEM" failures="0" tests="1" name="POM_DDF_TestNG_UtilityClass_BaseClass.PBLoginTest" time="32.441" errors="0" timestamp="2022-07-29T18:21:54 IST" skipped="0">
  <testcase classname="POM_DDF_TestNG_UtilityClass_BaseClass.PBLoginTest" name="verifyPN" time="32.441"/>
  <system-out/>
</testsuite> <!-- POM_DDF_TestNG_UtilityClass_BaseClass.PBLoginTest -->
