<?xml version="1.0" encoding="UTF-8"?>
<!-- Generated by org.testng.reporters.JUnitReportReporter -->
<testsuite hostname="DESKTOP-64LFQEM" failures="0" tests="4" name="TestNG.example5_keyword3_priority2" time="0.014" errors="0" timestamp="2022-08-18T16:18:14 IST" skipped="0">
  <testcase classname="TestNG.example5_keyword3_priority2" name="TC3" time="0.004"/>
  <system-out>
    <![CDATA[--running TC3--]]>
  </system-out>
  <testcase classname="TestNG.example5_keyword3_priority2" name="TC4" time="0.004"/>
  <system-out>
    <![CDATA[--running TC4--]]>
  </system-out>
  <testcase classname="TestNG.example5_keyword3_priority2" name="TC2" time="0.003"/>
  <system-out>
    <![CDATA[--running TC2--]]>
  </system-out>
  <testcase classname="TestNG.example5_keyword3_priority2" name="TC1" time="0.003"/>
  <system-out>
    <![CDATA[--running TC1--]]>
  </system-out>
</testsuite> <!-- TestNG.example5_keyword3_priority2 -->
