<?xml version="1.0" encoding="UTF-8"?>
<!-- Generated by org.testng.reporters.JUnitReportReporter -->
<testsuite hostname="DESKTOP-64LFQEM" failures="0" tests="2" name="TestNG.example4_Annotations" time="0.023" errors="0" timestamp="2022-08-18T16:18:14 IST" skipped="0">
  <testcase classname="TestNG.example4_Annotations" name="verifyPN1" time="0.007"/>
  <system-out>
    <![CDATA[running verify PN1 Test Case]]>
  </system-out>
  <testcase classname="TestNG.example4_Annotations" name="verifyPN2" time="0.016"/>
  <system-out>
    <![CDATA[running verify PN2 Test Case]]>
  </system-out>
</testsuite> <!-- TestNG.example4_Annotations -->
