<?xml version="1.0" encoding="UTF-8"?>
<!-- Generated by org.testng.reporters.JUnitReportReporter -->
<testsuite hostname="DESKTOP-64LFQEM" failures="0" tests="1" name="Package_POM_DDF_TestNG.PBLoginTest" time="20.956" errors="0" timestamp="2022-07-26T08:34:25 IST" skipped="0">
  <testcase classname="Package_POM_DDF_TestNG.PBLoginTest" name="verifyPN" time="20.956"/>
  <system-out/>
</testsuite> <!-- Package_POM_DDF_TestNG.PBLoginTest -->
