<?xml version="1.0" encoding="UTF-8"?>
<!-- Generated by org.testng.reporters.JUnitReportReporter -->
<testsuite hostname="DESKTOP-64LFQEM" failures="0" tests="3" name="TestNG.Ex7_Sample1" time="0.009" errors="0" timestamp="2022-07-20T11:07:39 IST" skipped="0">
  <testcase classname="TestNG.Ex7_Sample1" name="TC3" time="0.003"/>
  <system-out>
    <![CDATA[running TC3]]>
  </system-out>
  <testcase classname="TestNG.Ex7_Sample1" name="TC2" time="0.002"/>
  <system-out>
    <![CDATA[running TC2]]>
  </system-out>
  <testcase classname="TestNG.Ex7_Sample1" name="TC1" time="0.004"/>
  <system-out>
    <![CDATA[running TC1]]>
  </system-out>
</testsuite> <!-- TestNG.Ex7_Sample1 -->
