<?xml version="1.0" encoding="UTF-8"?>
<!-- Generated by org.testng.reporters.JUnitReportReporter -->
<testsuite hostname="DESKTOP-64LFQEM" failures="0" tests="3" name="TestNG.AnnotaionsEx1" time="0.030" errors="0" timestamp="2022-08-18T15:12:41 IST" skipped="0">
  <testcase classname="TestNG.AnnotaionsEx1" name="verifyPN1" time="0.016"/>
  <system-out>
    <![CDATA[Running verify PN1 test case]]>
  </system-out>
  <testcase classname="TestNG.AnnotaionsEx1" name="verifyPN2" time="0.007"/>
  <system-out>
    <![CDATA[Running verify PN2 test case]]>
  </system-out>
  <testcase classname="TestNG.AnnotaionsEx1" name="verifyPN3" time="0.007"/>
  <system-out>
    <![CDATA[Running verify PN3 test case]]>
  </system-out>
</testsuite> <!-- TestNG.AnnotaionsEx1 -->
